<?xml version="1.0" encoding="UTF-8"?>
<!-- Generated by org.testng.reporters.JUnitReportReporter -->
<testsuite hostname="DESKTOP-HSMH7BK" failures="0" tests="3" name="com.MyTests.LoginTest" time="48.564" errors="0" timestamp="12 Oct 2020 12:56:26 GMT" skipped="1">
  <testcase classname="com.MyTests.LoginTest" name="verifyLoginPageTitleTest" time="18.418"/>
  <testcase classname="com.MyTests.LoginTest" name="doLoginTest" time="30.146"/>
  <testcase classname="com.MyTests.LoginTest" name="verifyLoginPageHeaderTest">
    <skipped/>
  </testcase> <!-- verifyLoginPageHeaderTest -->
</testsuite> <!-- com.MyTests.LoginTest -->
