<?xml version="1.0" encoding="UTF-8"?>
<!-- Generated by org.testng.reporters.JUnitReportReporter -->
<testsuite hostname="DESKTOP-HSMH7BK" failures="0" tests="3" name="com.MyTests.LoginTest" time="43.367" errors="0" timestamp="19 Oct 2020 07:12:06 GMT" skipped="1">
  <testcase classname="com.MyTests.LoginTest" name="verifyLoginPageTitleTest" time="17.253"/>
  <testcase classname="com.MyTests.LoginTest" name="doLoginTest" time="26.114"/>
  <testcase classname="com.MyTests.LoginTest" name="verifyLoginPageHeaderTest">
    <skipped/>
  </testcase> <!-- verifyLoginPageHeaderTest -->
</testsuite> <!-- com.MyTests.LoginTest -->
